TN:
SF:/mnt/d/github/TFG-testing-smart-contracts/pruebas-medusa/contracts/VulnerableBank.sol
DA:3,1
DA:4,0
DA:7,50000
DA:11,550000
DA:12,550000
DA:15,550000
DA:16,550000
DA:18,550000
FN:6,deposit
FNDA:1,deposit
FN:10,withdraw
FNDA:1,withdraw
end_of_record
SF:/mnt/d/github/TFG-testing-smart-contracts/pruebas-medusa/medusa/ReentrancyMedusaTest.sol
DA:10,0
DA:11,1
DA:14,1
DA:18,550000
DA:19,500000
DA:24,50000
DA:25,50000
DA:26,50000
DA:27,50000
DA:33,1
DA:35,1
DA:36,1
DA:39,0
DA:40,0
FN:23,attack
FNDA:1,attack
FN:39,property_vault_never_drained
FNDA:0,property_vault_never_drained
end_of_record
